Oct 27, 2013 12:07:12 PM org.apache.catalina.core.AprLifecycleListener init
INFO: The APR based Apache Tomcat Native library which allows optimal performance in production environments was not found on the java.library.path: /Users/andrew/Library/Java/Extensions:/Library/Java/Extensions:/Network/Library/Java/Extensions:/System/Library/Java/Extensions:/usr/lib/java:.
Oct 27, 2013 12:07:13 PM org.apache.coyote.AbstractProtocol init
INFO: Initializing ProtocolHandler ["http-bio-8080"]
Oct 27, 2013 12:07:13 PM org.apache.coyote.AbstractProtocol init
INFO: Initializing ProtocolHandler ["ajp-bio-8009"]
Oct 27, 2013 12:07:13 PM org.apache.catalina.startup.Catalina load
INFO: Initialization processed in 908 ms
Oct 27, 2013 12:07:13 PM org.apache.catalina.core.StandardService startInternal
INFO: Starting service Catalina
Oct 27, 2013 12:07:13 PM org.apache.catalina.core.StandardEngine startInternal
INFO: Starting Servlet Engine: Apache Tomcat/7.0.42
Oct 27, 2013 12:07:13 PM org.apache.catalina.startup.HostConfig deployDirectory
INFO: Deploying web application directory /Users/andrew/Documents/apache-tomcat-7.0.42/webapps/docs
Oct 27, 2013 12:07:13 PM org.apache.catalina.startup.HostConfig deployDirectory
INFO: Deploying web application directory /Users/andrew/Documents/apache-tomcat-7.0.42/webapps/examples
Oct 27, 2013 12:07:13 PM org.apache.catalina.startup.HostConfig deployDirectory
INFO: Deploying web application directory /Users/andrew/Documents/apache-tomcat-7.0.42/webapps/host-manager
Oct 27, 2013 12:07:13 PM org.apache.catalina.startup.HostConfig deployDirectory
INFO: Deploying web application directory /Users/andrew/Documents/apache-tomcat-7.0.42/webapps/manager
Oct 27, 2013 12:07:13 PM org.apache.catalina.startup.HostConfig deployDirectory
INFO: Deploying web application directory /Users/andrew/Documents/apache-tomcat-7.0.42/webapps/projectapp
Oct 27, 2013 12:07:14 PM org.apache.catalina.startup.HostConfig deployDirectory
INFO: Deploying web application directory /Users/andrew/Documents/apache-tomcat-7.0.42/webapps/ROOT
Oct 27, 2013 12:07:14 PM org.apache.catalina.startup.HostConfig deployDirectory
INFO: Deploying web application directory /Users/andrew/Documents/apache-tomcat-7.0.42/webapps/test
Oct 27, 2013 12:07:14 PM org.apache.coyote.AbstractProtocol start
INFO: Starting ProtocolHandler ["http-bio-8080"]
Oct 27, 2013 12:07:14 PM org.apache.coyote.AbstractProtocol start
INFO: Starting ProtocolHandler ["ajp-bio-8009"]
Oct 27, 2013 12:07:14 PM org.apache.catalina.startup.Catalina start
INFO: Server startup in 1014 ms
Oct 27, 2013 8:58:50 PM org.apache.catalina.core.StandardServer await
INFO: A valid shutdown command was received via the shutdown port. Stopping the Server instance.
Oct 27, 2013 8:58:50 PM org.apache.coyote.AbstractProtocol pause
INFO: Pausing ProtocolHandler ["http-bio-8080"]
Oct 27, 2013 8:58:50 PM org.apache.coyote.AbstractProtocol pause
INFO: Pausing ProtocolHandler ["ajp-bio-8009"]
Oct 27, 2013 8:58:50 PM org.apache.catalina.core.StandardService stopInternal
INFO: Stopping service Catalina
Oct 27, 2013 8:58:51 PM org.apache.coyote.AbstractProtocol stop
INFO: Stopping ProtocolHandler ["http-bio-8080"]
Oct 27, 2013 8:58:51 PM org.apache.coyote.AbstractProtocol stop
INFO: Stopping ProtocolHandler ["ajp-bio-8009"]
Oct 27, 2013 8:58:51 PM org.apache.coyote.AbstractProtocol destroy
INFO: Destroying ProtocolHandler ["http-bio-8080"]
Oct 27, 2013 8:58:51 PM org.apache.coyote.AbstractProtocol destroy
INFO: Destroying ProtocolHandler ["ajp-bio-8009"]
Oct 27, 2013 8:58:53 PM org.apache.catalina.core.AprLifecycleListener init
INFO: The APR based Apache Tomcat Native library which allows optimal performance in production environments was not found on the java.library.path: /Users/andrew/Library/Java/Extensions:/Library/Java/Extensions:/Network/Library/Java/Extensions:/System/Library/Java/Extensions:/usr/lib/java:.
Oct 27, 2013 8:58:53 PM org.apache.coyote.AbstractProtocol init
INFO: Initializing ProtocolHandler ["http-bio-8080"]
Oct 27, 2013 8:58:53 PM org.apache.coyote.AbstractProtocol init
INFO: Initializing ProtocolHandler ["ajp-bio-8009"]
Oct 27, 2013 8:58:53 PM org.apache.catalina.startup.Catalina load
INFO: Initialization processed in 1107 ms
Oct 27, 2013 8:58:53 PM org.apache.catalina.core.StandardService startInternal
INFO: Starting service Catalina
Oct 27, 2013 8:58:53 PM org.apache.catalina.core.StandardEngine startInternal
INFO: Starting Servlet Engine: Apache Tomcat/7.0.42
Oct 27, 2013 8:58:53 PM org.apache.catalina.startup.HostConfig deployDirectory
INFO: Deploying web application directory /Users/andrew/Documents/apache-tomcat-7.0.42/webapps/docs
Oct 27, 2013 8:58:54 PM org.apache.catalina.startup.HostConfig deployDirectory
INFO: Deploying web application directory /Users/andrew/Documents/apache-tomcat-7.0.42/webapps/examples
Oct 27, 2013 8:58:54 PM org.apache.catalina.startup.HostConfig deployDirectory
INFO: Deploying web application directory /Users/andrew/Documents/apache-tomcat-7.0.42/webapps/host-manager
Oct 27, 2013 8:58:54 PM org.apache.catalina.startup.HostConfig deployDirectory
INFO: Deploying web application directory /Users/andrew/Documents/apache-tomcat-7.0.42/webapps/manager
Oct 27, 2013 8:58:54 PM org.apache.catalina.startup.HostConfig deployDirectory
INFO: Deploying web application directory /Users/andrew/Documents/apache-tomcat-7.0.42/webapps/projectapp
Oct 27, 2013 8:58:54 PM org.apache.catalina.startup.HostConfig deployDirectory
INFO: Deploying web application directory /Users/andrew/Documents/apache-tomcat-7.0.42/webapps/ROOT
Oct 27, 2013 8:58:54 PM org.apache.catalina.startup.HostConfig deployDirectory
INFO: Deploying web application directory /Users/andrew/Documents/apache-tomcat-7.0.42/webapps/test
Oct 27, 2013 8:58:54 PM org.apache.coyote.AbstractProtocol start
INFO: Starting ProtocolHandler ["http-bio-8080"]
Oct 27, 2013 8:58:54 PM org.apache.coyote.AbstractProtocol start
INFO: Starting ProtocolHandler ["ajp-bio-8009"]
Oct 27, 2013 8:58:54 PM org.apache.catalina.startup.Catalina start
INFO: Server startup in 1102 ms
