Oct 28, 2013 3:06:51 PM org.apache.catalina.core.AprLifecycleListener init
INFO: The APR based Apache Tomcat Native library which allows optimal performance in production environments was not found on the java.library.path: /Users/andrewpierce/Library/Java/Extensions:/Library/Java/Extensions:/Network/Library/Java/Extensions:/System/Library/Java/Extensions:/usr/lib/java:.
Oct 28, 2013 3:06:52 PM org.apache.coyote.AbstractProtocol init
INFO: Initializing ProtocolHandler ["http-bio-8080"]
Oct 28, 2013 3:06:52 PM org.apache.coyote.AbstractProtocol init
INFO: Initializing ProtocolHandler ["ajp-bio-8009"]
Oct 28, 2013 3:06:52 PM org.apache.catalina.startup.Catalina load
INFO: Initialization processed in 1305 ms
Oct 28, 2013 3:06:52 PM org.apache.catalina.core.StandardService startInternal
INFO: Starting service Catalina
Oct 28, 2013 3:06:52 PM org.apache.catalina.core.StandardEngine startInternal
INFO: Starting Servlet Engine: Apache Tomcat/7.0.42
Oct 28, 2013 3:06:52 PM org.apache.catalina.startup.HostConfig deployDirectory
INFO: Deploying web application directory /Users/andrewpierce/Onswipe/dev/andrew/weplan/apache-tomcat-7.0.42/webapps/docs
Oct 28, 2013 3:06:53 PM org.apache.catalina.util.SessionIdGenerator createSecureRandom
INFO: Creation of SecureRandom instance for session ID generation using [SHA1PRNG] took [286] milliseconds.
Oct 28, 2013 3:06:53 PM org.apache.catalina.startup.HostConfig deployDirectory
INFO: Deploying web application directory /Users/andrewpierce/Onswipe/dev/andrew/weplan/apache-tomcat-7.0.42/webapps/examples
Oct 28, 2013 3:06:53 PM org.apache.catalina.startup.HostConfig deployDirectory
INFO: Deploying web application directory /Users/andrewpierce/Onswipe/dev/andrew/weplan/apache-tomcat-7.0.42/webapps/host-manager
Oct 28, 2013 3:06:53 PM org.apache.catalina.startup.HostConfig deployDirectory
INFO: Deploying web application directory /Users/andrewpierce/Onswipe/dev/andrew/weplan/apache-tomcat-7.0.42/webapps/manager
Oct 28, 2013 3:06:53 PM org.apache.catalina.startup.HostConfig deployDirectory
INFO: Deploying web application directory /Users/andrewpierce/Onswipe/dev/andrew/weplan/apache-tomcat-7.0.42/webapps/projectapp
Oct 28, 2013 3:06:54 PM org.apache.catalina.startup.HostConfig deployDirectory
INFO: Deploying web application directory /Users/andrewpierce/Onswipe/dev/andrew/weplan/apache-tomcat-7.0.42/webapps/ROOT
Oct 28, 2013 3:06:54 PM org.apache.catalina.startup.HostConfig deployDirectory
INFO: Deploying web application directory /Users/andrewpierce/Onswipe/dev/andrew/weplan/apache-tomcat-7.0.42/webapps/test
Oct 28, 2013 3:06:54 PM org.apache.coyote.AbstractProtocol start
INFO: Starting ProtocolHandler ["http-bio-8080"]
Oct 28, 2013 3:06:54 PM org.apache.coyote.AbstractProtocol start
INFO: Starting ProtocolHandler ["ajp-bio-8009"]
Oct 28, 2013 3:06:54 PM org.apache.catalina.startup.Catalina start
INFO: Server startup in 1904 ms
