Oct 24, 2013 4:33:36 PM org.apache.catalina.core.AprLifecycleListener init
INFO: The APR based Apache Tomcat Native library which allows optimal performance in production environments was not found on the java.library.path: /Users/andrewpierce/Library/Java/Extensions:/Library/Java/Extensions:/Network/Library/Java/Extensions:/System/Library/Java/Extensions:/usr/lib/java:.
Oct 24, 2013 4:33:36 PM org.apache.coyote.AbstractProtocol init
INFO: Initializing ProtocolHandler ["http-bio-8080"]
Oct 24, 2013 4:33:37 PM org.apache.coyote.AbstractProtocol init
INFO: Initializing ProtocolHandler ["ajp-bio-8009"]
Oct 24, 2013 4:33:37 PM org.apache.catalina.startup.Catalina load
INFO: Initialization processed in 1018 ms
Oct 24, 2013 4:33:37 PM org.apache.catalina.core.StandardService startInternal
INFO: Starting service Catalina
Oct 24, 2013 4:33:37 PM org.apache.catalina.core.StandardEngine startInternal
INFO: Starting Servlet Engine: Apache Tomcat/7.0.42
Oct 24, 2013 4:33:37 PM org.apache.catalina.startup.HostConfig deployDirectory
INFO: Deploying web application directory /Users/andrewpierce/Onswipe/dev/apache-tomcat-7.0.42/webapps/docs
Oct 24, 2013 4:33:37 PM org.apache.catalina.util.SessionIdGenerator createSecureRandom
INFO: Creation of SecureRandom instance for session ID generation using [SHA1PRNG] took [259] milliseconds.
Oct 24, 2013 4:33:37 PM org.apache.catalina.startup.HostConfig deployDirectory
INFO: Deploying web application directory /Users/andrewpierce/Onswipe/dev/apache-tomcat-7.0.42/webapps/examples
Oct 24, 2013 4:33:37 PM org.apache.catalina.startup.HostConfig deployDirectory
INFO: Deploying web application directory /Users/andrewpierce/Onswipe/dev/apache-tomcat-7.0.42/webapps/host-manager
Oct 24, 2013 4:33:37 PM org.apache.catalina.startup.HostConfig deployDirectory
INFO: Deploying web application directory /Users/andrewpierce/Onswipe/dev/apache-tomcat-7.0.42/webapps/manager
Oct 24, 2013 4:33:38 PM org.apache.catalina.startup.HostConfig deployDirectory
INFO: Deploying web application directory /Users/andrewpierce/Onswipe/dev/apache-tomcat-7.0.42/webapps/ROOT
Oct 24, 2013 4:33:38 PM org.apache.coyote.AbstractProtocol start
INFO: Starting ProtocolHandler ["http-bio-8080"]
Oct 24, 2013 4:33:38 PM org.apache.coyote.AbstractProtocol start
INFO: Starting ProtocolHandler ["ajp-bio-8009"]
Oct 24, 2013 4:33:38 PM org.apache.catalina.startup.Catalina start
INFO: Server startup in 1061 ms
Oct 24, 2013 4:36:08 PM org.apache.catalina.startup.HostConfig deployDirectory
INFO: Deploying web application directory /Users/andrewpierce/Onswipe/dev/apache-tomcat-7.0.42/webapps/test
Oct 24, 2013 4:36:57 PM org.apache.catalina.core.StandardServer await
INFO: A valid shutdown command was received via the shutdown port. Stopping the Server instance.
Oct 24, 2013 4:36:57 PM org.apache.coyote.AbstractProtocol pause
INFO: Pausing ProtocolHandler ["http-bio-8080"]
Oct 24, 2013 4:36:57 PM org.apache.coyote.AbstractProtocol pause
INFO: Pausing ProtocolHandler ["ajp-bio-8009"]
Oct 24, 2013 4:36:57 PM org.apache.catalina.core.StandardService stopInternal
INFO: Stopping service Catalina
Oct 24, 2013 4:36:57 PM org.apache.coyote.AbstractProtocol stop
INFO: Stopping ProtocolHandler ["http-bio-8080"]
Oct 24, 2013 4:36:57 PM org.apache.coyote.AbstractProtocol stop
INFO: Stopping ProtocolHandler ["ajp-bio-8009"]
Oct 24, 2013 4:36:57 PM org.apache.coyote.AbstractProtocol destroy
INFO: Destroying ProtocolHandler ["http-bio-8080"]
Oct 24, 2013 4:36:57 PM org.apache.coyote.AbstractProtocol destroy
INFO: Destroying ProtocolHandler ["ajp-bio-8009"]
Oct 24, 2013 4:37:06 PM org.apache.catalina.core.AprLifecycleListener init
INFO: The APR based Apache Tomcat Native library which allows optimal performance in production environments was not found on the java.library.path: /Users/andrewpierce/Library/Java/Extensions:/Library/Java/Extensions:/Network/Library/Java/Extensions:/System/Library/Java/Extensions:/usr/lib/java:.
Oct 24, 2013 4:37:06 PM org.apache.coyote.AbstractProtocol init
INFO: Initializing ProtocolHandler ["http-bio-8080"]
Oct 24, 2013 4:37:06 PM org.apache.coyote.AbstractProtocol init
INFO: Initializing ProtocolHandler ["ajp-bio-8009"]
Oct 24, 2013 4:37:06 PM org.apache.catalina.startup.Catalina load
INFO: Initialization processed in 1007 ms
Oct 24, 2013 4:37:06 PM org.apache.catalina.core.StandardService startInternal
INFO: Starting service Catalina
Oct 24, 2013 4:37:06 PM org.apache.catalina.core.StandardEngine startInternal
INFO: Starting Servlet Engine: Apache Tomcat/7.0.42
Oct 24, 2013 4:37:06 PM org.apache.catalina.startup.HostConfig deployDirectory
INFO: Deploying web application directory /Users/andrewpierce/Onswipe/dev/apache-tomcat-7.0.42/webapps/docs
Oct 24, 2013 4:37:07 PM org.apache.catalina.util.SessionIdGenerator createSecureRandom
INFO: Creation of SecureRandom instance for session ID generation using [SHA1PRNG] took [302] milliseconds.
Oct 24, 2013 4:37:07 PM org.apache.catalina.startup.HostConfig deployDirectory
INFO: Deploying web application directory /Users/andrewpierce/Onswipe/dev/apache-tomcat-7.0.42/webapps/examples
Oct 24, 2013 4:37:07 PM org.apache.catalina.startup.HostConfig deployDirectory
INFO: Deploying web application directory /Users/andrewpierce/Onswipe/dev/apache-tomcat-7.0.42/webapps/host-manager
Oct 24, 2013 4:37:07 PM org.apache.catalina.startup.HostConfig deployDirectory
INFO: Deploying web application directory /Users/andrewpierce/Onswipe/dev/apache-tomcat-7.0.42/webapps/manager
Oct 24, 2013 4:37:07 PM org.apache.catalina.startup.HostConfig deployDirectory
INFO: Deploying web application directory /Users/andrewpierce/Onswipe/dev/apache-tomcat-7.0.42/webapps/ROOT
Oct 24, 2013 4:37:07 PM org.apache.catalina.startup.HostConfig deployDirectory
INFO: Deploying web application directory /Users/andrewpierce/Onswipe/dev/apache-tomcat-7.0.42/webapps/test
Oct 24, 2013 4:37:07 PM org.apache.coyote.AbstractProtocol start
INFO: Starting ProtocolHandler ["http-bio-8080"]
Oct 24, 2013 4:37:07 PM org.apache.coyote.AbstractProtocol start
INFO: Starting ProtocolHandler ["ajp-bio-8009"]
Oct 24, 2013 4:37:07 PM org.apache.catalina.startup.Catalina start
INFO: Server startup in 1194 ms
Oct 24, 2013 4:45:02 PM org.apache.catalina.core.StandardServer await
INFO: A valid shutdown command was received via the shutdown port. Stopping the Server instance.
Oct 24, 2013 4:45:02 PM org.apache.coyote.AbstractProtocol pause
INFO: Pausing ProtocolHandler ["http-bio-8080"]
Oct 24, 2013 4:45:03 PM org.apache.coyote.AbstractProtocol pause
INFO: Pausing ProtocolHandler ["ajp-bio-8009"]
Oct 24, 2013 4:45:03 PM org.apache.catalina.core.StandardService stopInternal
INFO: Stopping service Catalina
Oct 24, 2013 4:45:03 PM org.apache.coyote.AbstractProtocol stop
INFO: Stopping ProtocolHandler ["http-bio-8080"]
Oct 24, 2013 4:45:03 PM org.apache.coyote.AbstractProtocol stop
INFO: Stopping ProtocolHandler ["ajp-bio-8009"]
Oct 24, 2013 4:45:03 PM org.apache.coyote.AbstractProtocol destroy
INFO: Destroying ProtocolHandler ["http-bio-8080"]
Oct 24, 2013 4:45:03 PM org.apache.coyote.AbstractProtocol destroy
INFO: Destroying ProtocolHandler ["ajp-bio-8009"]
Oct 24, 2013 4:45:07 PM org.apache.catalina.core.AprLifecycleListener init
INFO: The APR based Apache Tomcat Native library which allows optimal performance in production environments was not found on the java.library.path: /Users/andrewpierce/Library/Java/Extensions:/Library/Java/Extensions:/Network/Library/Java/Extensions:/System/Library/Java/Extensions:/usr/lib/java:.
Oct 24, 2013 4:45:07 PM org.apache.coyote.AbstractProtocol init
INFO: Initializing ProtocolHandler ["http-bio-8080"]
Oct 24, 2013 4:45:07 PM org.apache.coyote.AbstractProtocol init
INFO: Initializing ProtocolHandler ["ajp-bio-8009"]
Oct 24, 2013 4:45:07 PM org.apache.catalina.startup.Catalina load
INFO: Initialization processed in 1002 ms
Oct 24, 2013 4:45:07 PM org.apache.catalina.core.StandardService startInternal
INFO: Starting service Catalina
Oct 24, 2013 4:45:07 PM org.apache.catalina.core.StandardEngine startInternal
INFO: Starting Servlet Engine: Apache Tomcat/7.0.42
Oct 24, 2013 4:45:07 PM org.apache.catalina.startup.HostConfig deployDirectory
INFO: Deploying web application directory /Users/andrewpierce/Onswipe/dev/apache-tomcat-7.0.42/webapps/docs
Oct 24, 2013 4:45:08 PM org.apache.catalina.util.SessionIdGenerator createSecureRandom
INFO: Creation of SecureRandom instance for session ID generation using [SHA1PRNG] took [269] milliseconds.
Oct 24, 2013 4:45:08 PM org.apache.catalina.startup.HostConfig deployDirectory
INFO: Deploying web application directory /Users/andrewpierce/Onswipe/dev/apache-tomcat-7.0.42/webapps/examples
Oct 24, 2013 4:45:08 PM org.apache.catalina.startup.HostConfig deployDirectory
INFO: Deploying web application directory /Users/andrewpierce/Onswipe/dev/apache-tomcat-7.0.42/webapps/host-manager
Oct 24, 2013 4:45:08 PM org.apache.catalina.startup.HostConfig deployDirectory
INFO: Deploying web application directory /Users/andrewpierce/Onswipe/dev/apache-tomcat-7.0.42/webapps/manager
Oct 24, 2013 4:45:09 PM org.apache.catalina.startup.HostConfig deployDirectory
INFO: Deploying web application directory /Users/andrewpierce/Onswipe/dev/apache-tomcat-7.0.42/webapps/ROOT
Oct 24, 2013 4:45:09 PM org.apache.catalina.startup.HostConfig deployDirectory
INFO: Deploying web application directory /Users/andrewpierce/Onswipe/dev/apache-tomcat-7.0.42/webapps/test
Oct 24, 2013 4:45:09 PM org.apache.coyote.AbstractProtocol start
INFO: Starting ProtocolHandler ["http-bio-8080"]
Oct 24, 2013 4:45:09 PM org.apache.coyote.AbstractProtocol start
INFO: Starting ProtocolHandler ["ajp-bio-8009"]
Oct 24, 2013 4:45:09 PM org.apache.catalina.startup.Catalina start
INFO: Server startup in 1306 ms
Oct 24, 2013 4:52:31 PM org.apache.catalina.core.StandardServer await
INFO: A valid shutdown command was received via the shutdown port. Stopping the Server instance.
Oct 24, 2013 4:52:31 PM org.apache.coyote.AbstractProtocol pause
INFO: Pausing ProtocolHandler ["http-bio-8080"]
Oct 24, 2013 4:52:31 PM org.apache.coyote.AbstractProtocol pause
INFO: Pausing ProtocolHandler ["ajp-bio-8009"]
Oct 24, 2013 4:52:31 PM org.apache.catalina.core.StandardService stopInternal
INFO: Stopping service Catalina
Oct 24, 2013 4:52:31 PM org.apache.coyote.AbstractProtocol stop
INFO: Stopping ProtocolHandler ["http-bio-8080"]
Oct 24, 2013 4:52:31 PM org.apache.coyote.AbstractProtocol stop
INFO: Stopping ProtocolHandler ["ajp-bio-8009"]
Oct 24, 2013 4:52:31 PM org.apache.coyote.AbstractProtocol destroy
INFO: Destroying ProtocolHandler ["http-bio-8080"]
Oct 24, 2013 4:52:31 PM org.apache.coyote.AbstractProtocol destroy
INFO: Destroying ProtocolHandler ["ajp-bio-8009"]
Oct 24, 2013 4:52:35 PM org.apache.catalina.core.AprLifecycleListener init
INFO: The APR based Apache Tomcat Native library which allows optimal performance in production environments was not found on the java.library.path: /Users/andrewpierce/Library/Java/Extensions:/Library/Java/Extensions:/Network/Library/Java/Extensions:/System/Library/Java/Extensions:/usr/lib/java:.
Oct 24, 2013 4:52:35 PM org.apache.coyote.AbstractProtocol init
INFO: Initializing ProtocolHandler ["http-bio-8080"]
Oct 24, 2013 4:52:35 PM org.apache.coyote.AbstractProtocol init
INFO: Initializing ProtocolHandler ["ajp-bio-8009"]
Oct 24, 2013 4:52:35 PM org.apache.catalina.startup.Catalina load
INFO: Initialization processed in 928 ms
Oct 24, 2013 4:52:35 PM org.apache.catalina.core.StandardService startInternal
INFO: Starting service Catalina
Oct 24, 2013 4:52:35 PM org.apache.catalina.core.StandardEngine startInternal
INFO: Starting Servlet Engine: Apache Tomcat/7.0.42
Oct 24, 2013 4:52:35 PM org.apache.catalina.startup.HostConfig deployDirectory
INFO: Deploying web application directory /Users/andrewpierce/Onswipe/dev/apache-tomcat-7.0.42/webapps/docs
Oct 24, 2013 4:52:36 PM org.apache.catalina.util.SessionIdGenerator createSecureRandom
INFO: Creation of SecureRandom instance for session ID generation using [SHA1PRNG] took [345] milliseconds.
Oct 24, 2013 4:52:36 PM org.apache.catalina.startup.HostConfig deployDirectory
INFO: Deploying web application directory /Users/andrewpierce/Onswipe/dev/apache-tomcat-7.0.42/webapps/examples
Oct 24, 2013 4:52:36 PM org.apache.catalina.startup.HostConfig deployDirectory
INFO: Deploying web application directory /Users/andrewpierce/Onswipe/dev/apache-tomcat-7.0.42/webapps/host-manager
Oct 24, 2013 4:52:36 PM org.apache.catalina.startup.HostConfig deployDirectory
INFO: Deploying web application directory /Users/andrewpierce/Onswipe/dev/apache-tomcat-7.0.42/webapps/manager
Oct 24, 2013 4:52:36 PM org.apache.catalina.startup.HostConfig deployDirectory
INFO: Deploying web application directory /Users/andrewpierce/Onswipe/dev/apache-tomcat-7.0.42/webapps/ROOT
Oct 24, 2013 4:52:36 PM org.apache.catalina.startup.HostConfig deployDirectory
INFO: Deploying web application directory /Users/andrewpierce/Onswipe/dev/apache-tomcat-7.0.42/webapps/test
Oct 24, 2013 4:52:37 PM org.apache.coyote.AbstractProtocol start
INFO: Starting ProtocolHandler ["http-bio-8080"]
Oct 24, 2013 4:52:37 PM org.apache.coyote.AbstractProtocol start
INFO: Starting ProtocolHandler ["ajp-bio-8009"]
Oct 24, 2013 4:52:37 PM org.apache.catalina.startup.Catalina start
INFO: Server startup in 1196 ms
Oct 24, 2013 4:54:14 PM org.apache.catalina.core.StandardServer await
INFO: A valid shutdown command was received via the shutdown port. Stopping the Server instance.
Oct 24, 2013 4:54:14 PM org.apache.coyote.AbstractProtocol pause
INFO: Pausing ProtocolHandler ["http-bio-8080"]
Oct 24, 2013 4:54:15 PM org.apache.coyote.AbstractProtocol pause
INFO: Pausing ProtocolHandler ["ajp-bio-8009"]
Oct 24, 2013 4:54:15 PM org.apache.catalina.core.StandardService stopInternal
INFO: Stopping service Catalina
Oct 24, 2013 4:54:15 PM org.apache.coyote.AbstractProtocol stop
INFO: Stopping ProtocolHandler ["http-bio-8080"]
Oct 24, 2013 4:54:15 PM org.apache.coyote.AbstractProtocol stop
INFO: Stopping ProtocolHandler ["ajp-bio-8009"]
Oct 24, 2013 4:54:15 PM org.apache.coyote.AbstractProtocol destroy
INFO: Destroying ProtocolHandler ["http-bio-8080"]
Oct 24, 2013 4:54:15 PM org.apache.coyote.AbstractProtocol destroy
INFO: Destroying ProtocolHandler ["ajp-bio-8009"]
Oct 24, 2013 4:54:16 PM org.apache.catalina.core.AprLifecycleListener init
INFO: The APR based Apache Tomcat Native library which allows optimal performance in production environments was not found on the java.library.path: /Users/andrewpierce/Library/Java/Extensions:/Library/Java/Extensions:/Network/Library/Java/Extensions:/System/Library/Java/Extensions:/usr/lib/java:.
Oct 24, 2013 4:54:17 PM org.apache.coyote.AbstractProtocol init
INFO: Initializing ProtocolHandler ["http-bio-8080"]
Oct 24, 2013 4:54:17 PM org.apache.coyote.AbstractProtocol init
INFO: Initializing ProtocolHandler ["ajp-bio-8009"]
Oct 24, 2013 4:54:17 PM org.apache.catalina.startup.Catalina load
INFO: Initialization processed in 787 ms
Oct 24, 2013 4:54:17 PM org.apache.catalina.core.StandardService startInternal
INFO: Starting service Catalina
Oct 24, 2013 4:54:17 PM org.apache.catalina.core.StandardEngine startInternal
INFO: Starting Servlet Engine: Apache Tomcat/7.0.42
Oct 24, 2013 4:54:17 PM org.apache.catalina.startup.HostConfig deployDirectory
INFO: Deploying web application directory /Users/andrewpierce/Onswipe/dev/apache-tomcat-7.0.42/webapps/docs
Oct 24, 2013 4:54:17 PM org.apache.catalina.startup.HostConfig deployDirectory
INFO: Deploying web application directory /Users/andrewpierce/Onswipe/dev/apache-tomcat-7.0.42/webapps/examples
Oct 24, 2013 4:54:17 PM org.apache.catalina.startup.HostConfig deployDirectory
INFO: Deploying web application directory /Users/andrewpierce/Onswipe/dev/apache-tomcat-7.0.42/webapps/host-manager
Oct 24, 2013 4:54:17 PM org.apache.catalina.startup.HostConfig deployDirectory
INFO: Deploying web application directory /Users/andrewpierce/Onswipe/dev/apache-tomcat-7.0.42/webapps/manager
Oct 24, 2013 4:54:17 PM org.apache.catalina.startup.HostConfig deployDirectory
INFO: Deploying web application directory /Users/andrewpierce/Onswipe/dev/apache-tomcat-7.0.42/webapps/ROOT
Oct 24, 2013 4:54:17 PM org.apache.catalina.startup.HostConfig deployDirectory
INFO: Deploying web application directory /Users/andrewpierce/Onswipe/dev/apache-tomcat-7.0.42/webapps/test
Oct 24, 2013 4:54:18 PM org.apache.coyote.AbstractProtocol start
INFO: Starting ProtocolHandler ["http-bio-8080"]
Oct 24, 2013 4:54:18 PM org.apache.coyote.AbstractProtocol start
INFO: Starting ProtocolHandler ["ajp-bio-8009"]
Oct 24, 2013 4:54:18 PM org.apache.catalina.startup.Catalina start
INFO: Server startup in 1016 ms
Oct 24, 2013 6:17:18 PM org.apache.catalina.startup.HostConfig deployDirectory
INFO: Deploying web application directory /Users/andrewpierce/Onswipe/dev/apache-tomcat-7.0.42/webapps/projectapp
Oct 24, 2013 6:28:51 PM org.apache.catalina.core.StandardServer await
INFO: A valid shutdown command was received via the shutdown port. Stopping the Server instance.
Oct 24, 2013 6:28:51 PM org.apache.coyote.AbstractProtocol pause
INFO: Pausing ProtocolHandler ["http-bio-8080"]
Oct 24, 2013 6:28:52 PM org.apache.coyote.AbstractProtocol pause
INFO: Pausing ProtocolHandler ["ajp-bio-8009"]
Oct 24, 2013 6:28:52 PM org.apache.catalina.core.StandardService stopInternal
INFO: Stopping service Catalina
Oct 24, 2013 6:28:52 PM org.apache.coyote.AbstractProtocol stop
INFO: Stopping ProtocolHandler ["http-bio-8080"]
Oct 24, 2013 6:28:52 PM org.apache.coyote.AbstractProtocol stop
INFO: Stopping ProtocolHandler ["ajp-bio-8009"]
Oct 24, 2013 6:28:52 PM org.apache.coyote.AbstractProtocol destroy
INFO: Destroying ProtocolHandler ["http-bio-8080"]
Oct 24, 2013 6:28:52 PM org.apache.coyote.AbstractProtocol destroy
INFO: Destroying ProtocolHandler ["ajp-bio-8009"]
Oct 24, 2013 6:28:54 PM org.apache.catalina.core.AprLifecycleListener init
INFO: The APR based Apache Tomcat Native library which allows optimal performance in production environments was not found on the java.library.path: /Users/andrewpierce/Library/Java/Extensions:/Library/Java/Extensions:/Network/Library/Java/Extensions:/System/Library/Java/Extensions:/usr/lib/java:.
Oct 24, 2013 6:28:55 PM org.apache.coyote.AbstractProtocol init
INFO: Initializing ProtocolHandler ["http-bio-8080"]
Oct 24, 2013 6:28:55 PM org.apache.coyote.AbstractProtocol init
INFO: Initializing ProtocolHandler ["ajp-bio-8009"]
Oct 24, 2013 6:28:55 PM org.apache.catalina.startup.Catalina load
INFO: Initialization processed in 1101 ms
Oct 24, 2013 6:28:55 PM org.apache.catalina.core.StandardService startInternal
INFO: Starting service Catalina
Oct 24, 2013 6:28:55 PM org.apache.catalina.core.StandardEngine startInternal
INFO: Starting Servlet Engine: Apache Tomcat/7.0.42
Oct 24, 2013 6:28:55 PM org.apache.catalina.startup.HostConfig deployDirectory
INFO: Deploying web application directory /Users/andrewpierce/Onswipe/dev/apache-tomcat-7.0.42/webapps/docs
Oct 24, 2013 6:28:55 PM org.apache.catalina.util.SessionIdGenerator createSecureRandom
INFO: Creation of SecureRandom instance for session ID generation using [SHA1PRNG] took [308] milliseconds.
Oct 24, 2013 6:28:56 PM org.apache.catalina.startup.HostConfig deployDirectory
INFO: Deploying web application directory /Users/andrewpierce/Onswipe/dev/apache-tomcat-7.0.42/webapps/examples
Oct 24, 2013 6:28:56 PM org.apache.catalina.startup.HostConfig deployDirectory
INFO: Deploying web application directory /Users/andrewpierce/Onswipe/dev/apache-tomcat-7.0.42/webapps/host-manager
Oct 24, 2013 6:28:56 PM org.apache.catalina.startup.HostConfig deployDirectory
INFO: Deploying web application directory /Users/andrewpierce/Onswipe/dev/apache-tomcat-7.0.42/webapps/manager
Oct 24, 2013 6:28:56 PM org.apache.catalina.startup.HostConfig deployDirectory
INFO: Deploying web application directory /Users/andrewpierce/Onswipe/dev/apache-tomcat-7.0.42/webapps/projectapp
Oct 24, 2013 6:28:56 PM org.apache.catalina.startup.HostConfig deployDirectory
INFO: Deploying web application directory /Users/andrewpierce/Onswipe/dev/apache-tomcat-7.0.42/webapps/ROOT
Oct 24, 2013 6:28:56 PM org.apache.catalina.startup.HostConfig deployDirectory
INFO: Deploying web application directory /Users/andrewpierce/Onswipe/dev/apache-tomcat-7.0.42/webapps/test
Oct 24, 2013 6:28:56 PM org.apache.coyote.AbstractProtocol start
INFO: Starting ProtocolHandler ["http-bio-8080"]
Oct 24, 2013 6:28:56 PM org.apache.coyote.AbstractProtocol start
INFO: Starting ProtocolHandler ["ajp-bio-8009"]
Oct 24, 2013 6:28:56 PM org.apache.catalina.startup.Catalina start
INFO: Server startup in 1348 ms
