Oct 24, 2013 4:33:36 PM org.apache.catalina.core.AprLifecycleListener init
INFO: The APR based Apache Tomcat Native library which allows optimal performance in production environments was not found on the java.library.path: /Users/andrewpierce/Library/Java/Extensions:/Library/Java/Extensions:/Network/Library/Java/Extensions:/System/Library/Java/Extensions:/usr/lib/java:.
Oct 24, 2013 4:33:36 PM org.apache.coyote.AbstractProtocol init
INFO: Initializing ProtocolHandler ["http-bio-8080"]
Oct 24, 2013 4:33:37 PM org.apache.coyote.AbstractProtocol init
INFO: Initializing ProtocolHandler ["ajp-bio-8009"]
Oct 24, 2013 4:33:37 PM org.apache.catalina.startup.Catalina load
INFO: Initialization processed in 1018 ms
Oct 24, 2013 4:33:37 PM org.apache.catalina.core.StandardService startInternal
INFO: Starting service Catalina
Oct 24, 2013 4:33:37 PM org.apache.catalina.core.StandardEngine startInternal
INFO: Starting Servlet Engine: Apache Tomcat/7.0.42
Oct 24, 2013 4:33:37 PM org.apache.catalina.startup.HostConfig deployDirectory
INFO: Deploying web application directory /Users/andrewpierce/Onswipe/dev/apache-tomcat-7.0.42/webapps/docs
Oct 24, 2013 4:33:37 PM org.apache.catalina.util.SessionIdGenerator createSecureRandom
INFO: Creation of SecureRandom instance for session ID generation using [SHA1PRNG] took [259] milliseconds.
Oct 24, 2013 4:33:37 PM org.apache.catalina.startup.HostConfig deployDirectory
INFO: Deploying web application directory /Users/andrewpierce/Onswipe/dev/apache-tomcat-7.0.42/webapps/examples
Oct 24, 2013 4:33:37 PM org.apache.catalina.startup.HostConfig deployDirectory
INFO: Deploying web application directory /Users/andrewpierce/Onswipe/dev/apache-tomcat-7.0.42/webapps/host-manager
Oct 24, 2013 4:33:37 PM org.apache.catalina.startup.HostConfig deployDirectory
INFO: Deploying web application directory /Users/andrewpierce/Onswipe/dev/apache-tomcat-7.0.42/webapps/manager
Oct 24, 2013 4:33:38 PM org.apache.catalina.startup.HostConfig deployDirectory
INFO: Deploying web application directory /Users/andrewpierce/Onswipe/dev/apache-tomcat-7.0.42/webapps/ROOT
Oct 24, 2013 4:33:38 PM org.apache.coyote.AbstractProtocol start
INFO: Starting ProtocolHandler ["http-bio-8080"]
Oct 24, 2013 4:33:38 PM org.apache.coyote.AbstractProtocol start
INFO: Starting ProtocolHandler ["ajp-bio-8009"]
Oct 24, 2013 4:33:38 PM org.apache.catalina.startup.Catalina start
INFO: Server startup in 1061 ms
Oct 24, 2013 4:36:08 PM org.apache.catalina.startup.HostConfig deployDirectory
INFO: Deploying web application directory /Users/andrewpierce/Onswipe/dev/apache-tomcat-7.0.42/webapps/test
Oct 24, 2013 4:36:57 PM org.apache.catalina.core.StandardServer await
INFO: A valid shutdown command was received via the shutdown port. Stopping the Server instance.
Oct 24, 2013 4:36:57 PM org.apache.coyote.AbstractProtocol pause
INFO: Pausing ProtocolHandler ["http-bio-8080"]
Oct 24, 2013 4:36:57 PM org.apache.coyote.AbstractProtocol pause
INFO: Pausing ProtocolHandler ["ajp-bio-8009"]
Oct 24, 2013 4:36:57 PM org.apache.catalina.core.StandardService stopInternal
INFO: Stopping service Catalina
Oct 24, 2013 4:36:57 PM org.apache.coyote.AbstractProtocol stop
INFO: Stopping ProtocolHandler ["http-bio-8080"]
Oct 24, 2013 4:36:57 PM org.apache.coyote.AbstractProtocol stop
INFO: Stopping ProtocolHandler ["ajp-bio-8009"]
Oct 24, 2013 4:36:57 PM org.apache.coyote.AbstractProtocol destroy
INFO: Destroying ProtocolHandler ["http-bio-8080"]
Oct 24, 2013 4:36:57 PM org.apache.coyote.AbstractProtocol destroy
INFO: Destroying ProtocolHandler ["ajp-bio-8009"]
Oct 24, 2013 4:37:06 PM org.apache.catalina.core.AprLifecycleListener init
INFO: The APR based Apache Tomcat Native library which allows optimal performance in production environments was not found on the java.library.path: /Users/andrewpierce/Library/Java/Extensions:/Library/Java/Extensions:/Network/Library/Java/Extensions:/System/Library/Java/Extensions:/usr/lib/java:.
Oct 24, 2013 4:37:06 PM org.apache.coyote.AbstractProtocol init
INFO: Initializing ProtocolHandler ["http-bio-8080"]
Oct 24, 2013 4:37:06 PM org.apache.coyote.AbstractProtocol init
INFO: Initializing ProtocolHandler ["ajp-bio-8009"]
Oct 24, 2013 4:37:06 PM org.apache.catalina.startup.Catalina load
INFO: Initialization processed in 1007 ms
Oct 24, 2013 4:37:06 PM org.apache.catalina.core.StandardService startInternal
INFO: Starting service Catalina
Oct 24, 2013 4:37:06 PM org.apache.catalina.core.StandardEngine startInternal
INFO: Starting Servlet Engine: Apache Tomcat/7.0.42
Oct 24, 2013 4:37:06 PM org.apache.catalina.startup.HostConfig deployDirectory
INFO: Deploying web application directory /Users/andrewpierce/Onswipe/dev/apache-tomcat-7.0.42/webapps/docs
Oct 24, 2013 4:37:07 PM org.apache.catalina.util.SessionIdGenerator createSecureRandom
INFO: Creation of SecureRandom instance for session ID generation using [SHA1PRNG] took [302] milliseconds.
Oct 24, 2013 4:37:07 PM org.apache.catalina.startup.HostConfig deployDirectory
INFO: Deploying web application directory /Users/andrewpierce/Onswipe/dev/apache-tomcat-7.0.42/webapps/examples
Oct 24, 2013 4:37:07 PM org.apache.catalina.startup.HostConfig deployDirectory
INFO: Deploying web application directory /Users/andrewpierce/Onswipe/dev/apache-tomcat-7.0.42/webapps/host-manager
Oct 24, 2013 4:37:07 PM org.apache.catalina.startup.HostConfig deployDirectory
INFO: Deploying web application directory /Users/andrewpierce/Onswipe/dev/apache-tomcat-7.0.42/webapps/manager
Oct 24, 2013 4:37:07 PM org.apache.catalina.startup.HostConfig deployDirectory
INFO: Deploying web application directory /Users/andrewpierce/Onswipe/dev/apache-tomcat-7.0.42/webapps/ROOT
Oct 24, 2013 4:37:07 PM org.apache.catalina.startup.HostConfig deployDirectory
INFO: Deploying web application directory /Users/andrewpierce/Onswipe/dev/apache-tomcat-7.0.42/webapps/test
Oct 24, 2013 4:37:07 PM org.apache.coyote.AbstractProtocol start
INFO: Starting ProtocolHandler ["http-bio-8080"]
Oct 24, 2013 4:37:07 PM org.apache.coyote.AbstractProtocol start
INFO: Starting ProtocolHandler ["ajp-bio-8009"]
Oct 24, 2013 4:37:07 PM org.apache.catalina.startup.Catalina start
INFO: Server startup in 1194 ms
Oct 24, 2013 4:45:02 PM org.apache.catalina.core.StandardServer await
INFO: A valid shutdown command was received via the shutdown port. Stopping the Server instance.
Oct 24, 2013 4:45:02 PM org.apache.coyote.AbstractProtocol pause
INFO: Pausing ProtocolHandler ["http-bio-8080"]
Oct 24, 2013 4:45:03 PM org.apache.coyote.AbstractProtocol pause
INFO: Pausing ProtocolHandler ["ajp-bio-8009"]
Oct 24, 2013 4:45:03 PM org.apache.catalina.core.StandardService stopInternal
INFO: Stopping service Catalina
Oct 24, 2013 4:45:03 PM org.apache.coyote.AbstractProtocol stop
INFO: Stopping ProtocolHandler ["http-bio-8080"]
Oct 24, 2013 4:45:03 PM org.apache.coyote.AbstractProtocol stop
INFO: Stopping ProtocolHandler ["ajp-bio-8009"]
Oct 24, 2013 4:45:03 PM org.apache.coyote.AbstractProtocol destroy
INFO: Destroying ProtocolHandler ["http-bio-8080"]
Oct 24, 2013 4:45:03 PM org.apache.coyote.AbstractProtocol destroy
INFO: Destroying ProtocolHandler ["ajp-bio-8009"]
Oct 24, 2013 4:45:07 PM org.apache.catalina.core.AprLifecycleListener init
INFO: The APR based Apache Tomcat Native library which allows optimal performance in production environments was not found on the java.library.path: /Users/andrewpierce/Library/Java/Extensions:/Library/Java/Extensions:/Network/Library/Java/Extensions:/System/Library/Java/Extensions:/usr/lib/java:.
Oct 24, 2013 4:45:07 PM org.apache.coyote.AbstractProtocol init
INFO: Initializing ProtocolHandler ["http-bio-8080"]
Oct 24, 2013 4:45:07 PM org.apache.coyote.AbstractProtocol init
INFO: Initializing ProtocolHandler ["ajp-bio-8009"]
Oct 24, 2013 4:45:07 PM org.apache.catalina.startup.Catalina load
INFO: Initialization processed in 1002 ms
Oct 24, 2013 4:45:07 PM org.apache.catalina.core.StandardService startInternal
INFO: Starting service Catalina
Oct 24, 2013 4:45:07 PM org.apache.catalina.core.StandardEngine startInternal
INFO: Starting Servlet Engine: Apache Tomcat/7.0.42
Oct 24, 2013 4:45:07 PM org.apache.catalina.startup.HostConfig deployDirectory
INFO: Deploying web application directory /Users/andrewpierce/Onswipe/dev/apache-tomcat-7.0.42/webapps/docs
Oct 24, 2013 4:45:08 PM org.apache.catalina.util.SessionIdGenerator createSecureRandom
INFO: Creation of SecureRandom instance for session ID generation using [SHA1PRNG] took [269] milliseconds.
Oct 24, 2013 4:45:08 PM org.apache.catalina.startup.HostConfig deployDirectory
INFO: Deploying web application directory /Users/andrewpierce/Onswipe/dev/apache-tomcat-7.0.42/webapps/examples
Oct 24, 2013 4:45:08 PM org.apache.catalina.startup.HostConfig deployDirectory
INFO: Deploying web application directory /Users/andrewpierce/Onswipe/dev/apache-tomcat-7.0.42/webapps/host-manager
Oct 24, 2013 4:45:08 PM org.apache.catalina.startup.HostConfig deployDirectory
INFO: Deploying web application directory /Users/andrewpierce/Onswipe/dev/apache-tomcat-7.0.42/webapps/manager
Oct 24, 2013 4:45:09 PM org.apache.catalina.startup.HostConfig deployDirectory
INFO: Deploying web application directory /Users/andrewpierce/Onswipe/dev/apache-tomcat-7.0.42/webapps/ROOT
Oct 24, 2013 4:45:09 PM org.apache.catalina.startup.HostConfig deployDirectory
INFO: Deploying web application directory /Users/andrewpierce/Onswipe/dev/apache-tomcat-7.0.42/webapps/test
Oct 24, 2013 4:45:09 PM org.apache.coyote.AbstractProtocol start
INFO: Starting ProtocolHandler ["http-bio-8080"]
Oct 24, 2013 4:45:09 PM org.apache.coyote.AbstractProtocol start
INFO: Starting ProtocolHandler ["ajp-bio-8009"]
Oct 24, 2013 4:45:09 PM org.apache.catalina.startup.Catalina start
INFO: Server startup in 1306 ms
Oct 24, 2013 4:52:31 PM org.apache.catalina.core.StandardServer await
INFO: A valid shutdown command was received via the shutdown port. Stopping the Server instance.
Oct 24, 2013 4:52:31 PM org.apache.coyote.AbstractProtocol pause
INFO: Pausing ProtocolHandler ["http-bio-8080"]
Oct 24, 2013 4:52:31 PM org.apache.coyote.AbstractProtocol pause
INFO: Pausing ProtocolHandler ["ajp-bio-8009"]
Oct 24, 2013 4:52:31 PM org.apache.catalina.core.StandardService stopInternal
INFO: Stopping service Catalina
Oct 24, 2013 4:52:31 PM org.apache.coyote.AbstractProtocol stop
INFO: Stopping ProtocolHandler ["http-bio-8080"]
Oct 24, 2013 4:52:31 PM org.apache.coyote.AbstractProtocol stop
INFO: Stopping ProtocolHandler ["ajp-bio-8009"]
Oct 24, 2013 4:52:31 PM org.apache.coyote.AbstractProtocol destroy
INFO: Destroying ProtocolHandler ["http-bio-8080"]
Oct 24, 2013 4:52:31 PM org.apache.coyote.AbstractProtocol destroy
INFO: Destroying ProtocolHandler ["ajp-bio-8009"]
Oct 24, 2013 4:52:35 PM org.apache.catalina.core.AprLifecycleListener init
INFO: The APR based Apache Tomcat Native library which allows optimal performance in production environments was not found on the java.library.path: /Users/andrewpierce/Library/Java/Extensions:/Library/Java/Extensions:/Network/Library/Java/Extensions:/System/Library/Java/Extensions:/usr/lib/java:.
Oct 24, 2013 4:52:35 PM org.apache.coyote.AbstractProtocol init
INFO: Initializing ProtocolHandler ["http-bio-8080"]
Oct 24, 2013 4:52:35 PM org.apache.coyote.AbstractProtocol init
INFO: Initializing ProtocolHandler ["ajp-bio-8009"]
Oct 24, 2013 4:52:35 PM org.apache.catalina.startup.Catalina load
INFO: Initialization processed in 928 ms
Oct 24, 2013 4:52:35 PM org.apache.catalina.core.StandardService startInternal
INFO: Starting service Catalina
Oct 24, 2013 4:52:35 PM org.apache.catalina.core.StandardEngine startInternal
INFO: Starting Servlet Engine: Apache Tomcat/7.0.42
Oct 24, 2013 4:52:35 PM org.apache.catalina.startup.HostConfig deployDirectory
INFO: Deploying web application directory /Users/andrewpierce/Onswipe/dev/apache-tomcat-7.0.42/webapps/docs
Oct 24, 2013 4:52:36 PM org.apache.catalina.util.SessionIdGenerator createSecureRandom
INFO: Creation of SecureRandom instance for session ID generation using [SHA1PRNG] took [345] milliseconds.
Oct 24, 2013 4:52:36 PM org.apache.catalina.startup.HostConfig deployDirectory
INFO: Deploying web application directory /Users/andrewpierce/Onswipe/dev/apache-tomcat-7.0.42/webapps/examples
Oct 24, 2013 4:52:36 PM org.apache.catalina.startup.HostConfig deployDirectory
INFO: Deploying web application directory /Users/andrewpierce/Onswipe/dev/apache-tomcat-7.0.42/webapps/host-manager
Oct 24, 2013 4:52:36 PM org.apache.catalina.startup.HostConfig deployDirectory
INFO: Deploying web application directory /Users/andrewpierce/Onswipe/dev/apache-tomcat-7.0.42/webapps/manager
Oct 24, 2013 4:52:36 PM org.apache.catalina.startup.HostConfig deployDirectory
INFO: Deploying web application directory /Users/andrewpierce/Onswipe/dev/apache-tomcat-7.0.42/webapps/ROOT
Oct 24, 2013 4:52:36 PM org.apache.catalina.startup.HostConfig deployDirectory
INFO: Deploying web application directory /Users/andrewpierce/Onswipe/dev/apache-tomcat-7.0.42/webapps/test
Oct 24, 2013 4:52:37 PM org.apache.coyote.AbstractProtocol start
INFO: Starting ProtocolHandler ["http-bio-8080"]
Oct 24, 2013 4:52:37 PM org.apache.coyote.AbstractProtocol start
INFO: Starting ProtocolHandler ["ajp-bio-8009"]
Oct 24, 2013 4:52:37 PM org.apache.catalina.startup.Catalina start
INFO: Server startup in 1196 ms
Oct 24, 2013 4:54:14 PM org.apache.catalina.core.StandardServer await
INFO: A valid shutdown command was received via the shutdown port. Stopping the Server instance.
Oct 24, 2013 4:54:14 PM org.apache.coyote.AbstractProtocol pause
INFO: Pausing ProtocolHandler ["http-bio-8080"]
Oct 24, 2013 4:54:15 PM org.apache.coyote.AbstractProtocol pause
INFO: Pausing ProtocolHandler ["ajp-bio-8009"]
Oct 24, 2013 4:54:15 PM org.apache.catalina.core.StandardService stopInternal
INFO: Stopping service Catalina
Oct 24, 2013 4:54:15 PM org.apache.coyote.AbstractProtocol stop
INFO: Stopping ProtocolHandler ["http-bio-8080"]
Oct 24, 2013 4:54:15 PM org.apache.coyote.AbstractProtocol stop
INFO: Stopping ProtocolHandler ["ajp-bio-8009"]
Oct 24, 2013 4:54:15 PM org.apache.coyote.AbstractProtocol destroy
INFO: Destroying ProtocolHandler ["http-bio-8080"]
Oct 24, 2013 4:54:15 PM org.apache.coyote.AbstractProtocol destroy
INFO: Destroying ProtocolHandler ["ajp-bio-8009"]
Oct 24, 2013 4:54:16 PM org.apache.catalina.core.AprLifecycleListener init
INFO: The APR based Apache Tomcat Native library which allows optimal performance in production environments was not found on the java.library.path: /Users/andrewpierce/Library/Java/Extensions:/Library/Java/Extensions:/Network/Library/Java/Extensions:/System/Library/Java/Extensions:/usr/lib/java:.
Oct 24, 2013 4:54:17 PM org.apache.coyote.AbstractProtocol init
INFO: Initializing ProtocolHandler ["http-bio-8080"]
Oct 24, 2013 4:54:17 PM org.apache.coyote.AbstractProtocol init
INFO: Initializing ProtocolHandler ["ajp-bio-8009"]
Oct 24, 2013 4:54:17 PM org.apache.catalina.startup.Catalina load
INFO: Initialization processed in 787 ms
Oct 24, 2013 4:54:17 PM org.apache.catalina.core.StandardService startInternal
INFO: Starting service Catalina
Oct 24, 2013 4:54:17 PM org.apache.catalina.core.StandardEngine startInternal
INFO: Starting Servlet Engine: Apache Tomcat/7.0.42
Oct 24, 2013 4:54:17 PM org.apache.catalina.startup.HostConfig deployDirectory
INFO: Deploying web application directory /Users/andrewpierce/Onswipe/dev/apache-tomcat-7.0.42/webapps/docs
Oct 24, 2013 4:54:17 PM org.apache.catalina.startup.HostConfig deployDirectory
INFO: Deploying web application directory /Users/andrewpierce/Onswipe/dev/apache-tomcat-7.0.42/webapps/examples
Oct 24, 2013 4:54:17 PM org.apache.catalina.startup.HostConfig deployDirectory
INFO: Deploying web application directory /Users/andrewpierce/Onswipe/dev/apache-tomcat-7.0.42/webapps/host-manager
Oct 24, 2013 4:54:17 PM org.apache.catalina.startup.HostConfig deployDirectory
INFO: Deploying web application directory /Users/andrewpierce/Onswipe/dev/apache-tomcat-7.0.42/webapps/manager
Oct 24, 2013 4:54:17 PM org.apache.catalina.startup.HostConfig deployDirectory
INFO: Deploying web application directory /Users/andrewpierce/Onswipe/dev/apache-tomcat-7.0.42/webapps/ROOT
Oct 24, 2013 4:54:17 PM org.apache.catalina.startup.HostConfig deployDirectory
INFO: Deploying web application directory /Users/andrewpierce/Onswipe/dev/apache-tomcat-7.0.42/webapps/test
Oct 24, 2013 4:54:18 PM org.apache.coyote.AbstractProtocol start
INFO: Starting ProtocolHandler ["http-bio-8080"]
Oct 24, 2013 4:54:18 PM org.apache.coyote.AbstractProtocol start
INFO: Starting ProtocolHandler ["ajp-bio-8009"]
Oct 24, 2013 4:54:18 PM org.apache.catalina.startup.Catalina start
INFO: Server startup in 1016 ms
Oct 24, 2013 6:17:18 PM org.apache.catalina.startup.HostConfig deployDirectory
INFO: Deploying web application directory /Users/andrewpierce/Onswipe/dev/apache-tomcat-7.0.42/webapps/projectapp
Oct 24, 2013 6:28:51 PM org.apache.catalina.core.StandardServer await
INFO: A valid shutdown command was received via the shutdown port. Stopping the Server instance.
Oct 24, 2013 6:28:51 PM org.apache.coyote.AbstractProtocol pause
INFO: Pausing ProtocolHandler ["http-bio-8080"]
Oct 24, 2013 6:28:52 PM org.apache.coyote.AbstractProtocol pause
INFO: Pausing ProtocolHandler ["ajp-bio-8009"]
Oct 24, 2013 6:28:52 PM org.apache.catalina.core.StandardService stopInternal
INFO: Stopping service Catalina
Oct 24, 2013 6:28:52 PM org.apache.coyote.AbstractProtocol stop
INFO: Stopping ProtocolHandler ["http-bio-8080"]
Oct 24, 2013 6:28:52 PM org.apache.coyote.AbstractProtocol stop
INFO: Stopping ProtocolHandler ["ajp-bio-8009"]
Oct 24, 2013 6:28:52 PM org.apache.coyote.AbstractProtocol destroy
INFO: Destroying ProtocolHandler ["http-bio-8080"]
Oct 24, 2013 6:28:52 PM org.apache.coyote.AbstractProtocol destroy
INFO: Destroying ProtocolHandler ["ajp-bio-8009"]
Oct 24, 2013 6:28:54 PM org.apache.catalina.core.AprLifecycleListener init
INFO: The APR based Apache Tomcat Native library which allows optimal performance in production environments was not found on the java.library.path: /Users/andrewpierce/Library/Java/Extensions:/Library/Java/Extensions:/Network/Library/Java/Extensions:/System/Library/Java/Extensions:/usr/lib/java:.
Oct 24, 2013 6:28:55 PM org.apache.coyote.AbstractProtocol init
INFO: Initializing ProtocolHandler ["http-bio-8080"]
Oct 24, 2013 6:28:55 PM org.apache.coyote.AbstractProtocol init
INFO: Initializing ProtocolHandler ["ajp-bio-8009"]
Oct 24, 2013 6:28:55 PM org.apache.catalina.startup.Catalina load
INFO: Initialization processed in 1101 ms
Oct 24, 2013 6:28:55 PM org.apache.catalina.core.StandardService startInternal
INFO: Starting service Catalina
Oct 24, 2013 6:28:55 PM org.apache.catalina.core.StandardEngine startInternal
INFO: Starting Servlet Engine: Apache Tomcat/7.0.42
Oct 24, 2013 6:28:55 PM org.apache.catalina.startup.HostConfig deployDirectory
INFO: Deploying web application directory /Users/andrewpierce/Onswipe/dev/apache-tomcat-7.0.42/webapps/docs
Oct 24, 2013 6:28:55 PM org.apache.catalina.util.SessionIdGenerator createSecureRandom
INFO: Creation of SecureRandom instance for session ID generation using [SHA1PRNG] took [308] milliseconds.
Oct 24, 2013 6:28:56 PM org.apache.catalina.startup.HostConfig deployDirectory
INFO: Deploying web application directory /Users/andrewpierce/Onswipe/dev/apache-tomcat-7.0.42/webapps/examples
Oct 24, 2013 6:28:56 PM org.apache.catalina.startup.HostConfig deployDirectory
INFO: Deploying web application directory /Users/andrewpierce/Onswipe/dev/apache-tomcat-7.0.42/webapps/host-manager
Oct 24, 2013 6:28:56 PM org.apache.catalina.startup.HostConfig deployDirectory
INFO: Deploying web application directory /Users/andrewpierce/Onswipe/dev/apache-tomcat-7.0.42/webapps/manager
Oct 24, 2013 6:28:56 PM org.apache.catalina.startup.HostConfig deployDirectory
INFO: Deploying web application directory /Users/andrewpierce/Onswipe/dev/apache-tomcat-7.0.42/webapps/projectapp
Oct 24, 2013 6:28:56 PM org.apache.catalina.startup.HostConfig deployDirectory
INFO: Deploying web application directory /Users/andrewpierce/Onswipe/dev/apache-tomcat-7.0.42/webapps/ROOT
Oct 24, 2013 6:28:56 PM org.apache.catalina.startup.HostConfig deployDirectory
INFO: Deploying web application directory /Users/andrewpierce/Onswipe/dev/apache-tomcat-7.0.42/webapps/test
Oct 24, 2013 6:28:56 PM org.apache.coyote.AbstractProtocol start
INFO: Starting ProtocolHandler ["http-bio-8080"]
Oct 24, 2013 6:28:56 PM org.apache.coyote.AbstractProtocol start
INFO: Starting ProtocolHandler ["ajp-bio-8009"]
Oct 24, 2013 6:28:56 PM org.apache.catalina.startup.Catalina start
INFO: Server startup in 1348 ms
Oct 25, 2013 9:59:05 AM org.apache.catalina.core.StandardServer await
INFO: A valid shutdown command was received via the shutdown port. Stopping the Server instance.
Oct 25, 2013 9:59:05 AM org.apache.coyote.AbstractProtocol pause
INFO: Pausing ProtocolHandler ["http-bio-8080"]
Oct 25, 2013 9:59:05 AM org.apache.coyote.AbstractProtocol pause
INFO: Pausing ProtocolHandler ["ajp-bio-8009"]
Oct 25, 2013 9:59:05 AM org.apache.catalina.core.StandardService stopInternal
INFO: Stopping service Catalina
Oct 25, 2013 9:59:05 AM org.apache.coyote.AbstractProtocol stop
INFO: Stopping ProtocolHandler ["http-bio-8080"]
Oct 25, 2013 9:59:05 AM org.apache.coyote.AbstractProtocol stop
INFO: Stopping ProtocolHandler ["ajp-bio-8009"]
Oct 25, 2013 9:59:05 AM org.apache.coyote.AbstractProtocol destroy
INFO: Destroying ProtocolHandler ["http-bio-8080"]
Oct 25, 2013 9:59:05 AM org.apache.coyote.AbstractProtocol destroy
INFO: Destroying ProtocolHandler ["ajp-bio-8009"]
Oct 25, 2013 9:59:13 AM org.apache.catalina.core.AprLifecycleListener init
INFO: The APR based Apache Tomcat Native library which allows optimal performance in production environments was not found on the java.library.path: /Users/andrewpierce/Library/Java/Extensions:/Library/Java/Extensions:/Network/Library/Java/Extensions:/System/Library/Java/Extensions:/usr/lib/java:.
Oct 25, 2013 9:59:13 AM org.apache.coyote.AbstractProtocol init
INFO: Initializing ProtocolHandler ["http-bio-8080"]
Oct 25, 2013 9:59:13 AM org.apache.coyote.AbstractProtocol init
INFO: Initializing ProtocolHandler ["ajp-bio-8009"]
Oct 25, 2013 9:59:13 AM org.apache.catalina.startup.Catalina load
INFO: Initialization processed in 981 ms
Oct 25, 2013 9:59:13 AM org.apache.catalina.core.StandardService startInternal
INFO: Starting service Catalina
Oct 25, 2013 9:59:13 AM org.apache.catalina.core.StandardEngine startInternal
INFO: Starting Servlet Engine: Apache Tomcat/7.0.42
Oct 25, 2013 9:59:13 AM org.apache.catalina.startup.HostConfig deployDirectory
INFO: Deploying web application directory /Users/andrewpierce/Onswipe/dev/apache-tomcat-7.0.42/webapps/docs
Oct 25, 2013 9:59:14 AM org.apache.catalina.startup.HostConfig deployDirectory
INFO: Deploying web application directory /Users/andrewpierce/Onswipe/dev/apache-tomcat-7.0.42/webapps/examples
Oct 25, 2013 9:59:14 AM org.apache.catalina.startup.HostConfig deployDirectory
INFO: Deploying web application directory /Users/andrewpierce/Onswipe/dev/apache-tomcat-7.0.42/webapps/host-manager
Oct 25, 2013 9:59:14 AM org.apache.catalina.startup.HostConfig deployDirectory
INFO: Deploying web application directory /Users/andrewpierce/Onswipe/dev/apache-tomcat-7.0.42/webapps/manager
Oct 25, 2013 9:59:14 AM org.apache.catalina.startup.HostConfig deployDirectory
INFO: Deploying web application directory /Users/andrewpierce/Onswipe/dev/apache-tomcat-7.0.42/webapps/projectapp
Oct 25, 2013 9:59:14 AM org.apache.catalina.startup.HostConfig deployDirectory
INFO: Deploying web application directory /Users/andrewpierce/Onswipe/dev/apache-tomcat-7.0.42/webapps/ROOT
Oct 25, 2013 9:59:14 AM org.apache.catalina.startup.HostConfig deployDirectory
INFO: Deploying web application directory /Users/andrewpierce/Onswipe/dev/apache-tomcat-7.0.42/webapps/test
Oct 25, 2013 9:59:14 AM org.apache.coyote.AbstractProtocol start
INFO: Starting ProtocolHandler ["http-bio-8080"]
Oct 25, 2013 9:59:14 AM org.apache.coyote.AbstractProtocol start
INFO: Starting ProtocolHandler ["ajp-bio-8009"]
Oct 25, 2013 9:59:14 AM org.apache.catalina.startup.Catalina start
INFO: Server startup in 993 ms
Oct 26, 2013 1:12:01 PM org.apache.catalina.core.AprLifecycleListener init
INFO: The APR based Apache Tomcat Native library which allows optimal performance in production environments was not found on the java.library.path: /Users/andrew/Library/Java/Extensions:/Library/Java/Extensions:/Network/Library/Java/Extensions:/System/Library/Java/Extensions:/usr/lib/java:.
Oct 26, 2013 1:12:01 PM org.apache.coyote.AbstractProtocol init
INFO: Initializing ProtocolHandler ["http-bio-8080"]
Oct 26, 2013 1:12:01 PM org.apache.coyote.AbstractProtocol init
SEVERE: Failed to initialize end point associated with ProtocolHandler ["http-bio-8080"]
java.net.BindException: Address already in use <null>:8080
	at org.apache.tomcat.util.net.JIoEndpoint.bind(JIoEndpoint.java:406)
	at org.apache.tomcat.util.net.AbstractEndpoint.init(AbstractEndpoint.java:610)
	at org.apache.coyote.AbstractProtocol.init(AbstractProtocol.java:429)
	at org.apache.coyote.http11.AbstractHttp11JsseProtocol.init(AbstractHttp11JsseProtocol.java:119)
	at org.apache.catalina.connector.Connector.initInternal(Connector.java:981)
	at org.apache.catalina.util.LifecycleBase.init(LifecycleBase.java:102)
	at org.apache.catalina.core.StandardService.initInternal(StandardService.java:559)
	at org.apache.catalina.util.LifecycleBase.init(LifecycleBase.java:102)
	at org.apache.catalina.core.StandardServer.initInternal(StandardServer.java:814)
	at org.apache.catalina.util.LifecycleBase.init(LifecycleBase.java:102)
	at org.apache.catalina.startup.Catalina.load(Catalina.java:640)
	at org.apache.catalina.startup.Catalina.load(Catalina.java:665)
	at sun.reflect.NativeMethodAccessorImpl.invoke0(Native Method)
	at sun.reflect.NativeMethodAccessorImpl.invoke(NativeMethodAccessorImpl.java:57)
	at sun.reflect.DelegatingMethodAccessorImpl.invoke(DelegatingMethodAccessorImpl.java:43)
	at java.lang.reflect.Method.invoke(Method.java:606)
	at org.apache.catalina.startup.Bootstrap.load(Bootstrap.java:281)
	at org.apache.catalina.startup.Bootstrap.main(Bootstrap.java:455)
Caused by: java.net.BindException: Address already in use
	at java.net.PlainSocketImpl.socketBind(Native Method)
	at java.net.AbstractPlainSocketImpl.bind(AbstractPlainSocketImpl.java:376)
	at java.net.ServerSocket.bind(ServerSocket.java:376)
	at java.net.ServerSocket.<init>(ServerSocket.java:237)
	at java.net.ServerSocket.<init>(ServerSocket.java:181)
	at org.apache.tomcat.util.net.DefaultServerSocketFactory.createSocket(DefaultServerSocketFactory.java:49)
	at org.apache.tomcat.util.net.JIoEndpoint.bind(JIoEndpoint.java:393)
	... 17 more

Oct 26, 2013 1:12:01 PM org.apache.catalina.core.StandardService initInternal
SEVERE: Failed to initialize connector [Connector[HTTP/1.1-8080]]
org.apache.catalina.LifecycleException: Failed to initialize component [Connector[HTTP/1.1-8080]]
	at org.apache.catalina.util.LifecycleBase.init(LifecycleBase.java:106)
	at org.apache.catalina.core.StandardService.initInternal(StandardService.java:559)
	at org.apache.catalina.util.LifecycleBase.init(LifecycleBase.java:102)
	at org.apache.catalina.core.StandardServer.initInternal(StandardServer.java:814)
	at org.apache.catalina.util.LifecycleBase.init(LifecycleBase.java:102)
	at org.apache.catalina.startup.Catalina.load(Catalina.java:640)
	at org.apache.catalina.startup.Catalina.load(Catalina.java:665)
	at sun.reflect.NativeMethodAccessorImpl.invoke0(Native Method)
	at sun.reflect.NativeMethodAccessorImpl.invoke(NativeMethodAccessorImpl.java:57)
	at sun.reflect.DelegatingMethodAccessorImpl.invoke(DelegatingMethodAccessorImpl.java:43)
	at java.lang.reflect.Method.invoke(Method.java:606)
	at org.apache.catalina.startup.Bootstrap.load(Bootstrap.java:281)
	at org.apache.catalina.startup.Bootstrap.main(Bootstrap.java:455)
Caused by: org.apache.catalina.LifecycleException: Protocol handler initialization failed
	at org.apache.catalina.connector.Connector.initInternal(Connector.java:983)
	at org.apache.catalina.util.LifecycleBase.init(LifecycleBase.java:102)
	... 12 more
Caused by: java.net.BindException: Address already in use <null>:8080
	at org.apache.tomcat.util.net.JIoEndpoint.bind(JIoEndpoint.java:406)
	at org.apache.tomcat.util.net.AbstractEndpoint.init(AbstractEndpoint.java:610)
	at org.apache.coyote.AbstractProtocol.init(AbstractProtocol.java:429)
	at org.apache.coyote.http11.AbstractHttp11JsseProtocol.init(AbstractHttp11JsseProtocol.java:119)
	at org.apache.catalina.connector.Connector.initInternal(Connector.java:981)
	... 13 more
Caused by: java.net.BindException: Address already in use
	at java.net.PlainSocketImpl.socketBind(Native Method)
	at java.net.AbstractPlainSocketImpl.bind(AbstractPlainSocketImpl.java:376)
	at java.net.ServerSocket.bind(ServerSocket.java:376)
	at java.net.ServerSocket.<init>(ServerSocket.java:237)
	at java.net.ServerSocket.<init>(ServerSocket.java:181)
	at org.apache.tomcat.util.net.DefaultServerSocketFactory.createSocket(DefaultServerSocketFactory.java:49)
	at org.apache.tomcat.util.net.JIoEndpoint.bind(JIoEndpoint.java:393)
	... 17 more

Oct 26, 2013 1:12:01 PM org.apache.coyote.AbstractProtocol init
INFO: Initializing ProtocolHandler ["ajp-bio-8009"]
Oct 26, 2013 1:12:01 PM org.apache.coyote.AbstractProtocol init
SEVERE: Failed to initialize end point associated with ProtocolHandler ["ajp-bio-8009"]
java.net.BindException: Address already in use <null>:8009
	at org.apache.tomcat.util.net.JIoEndpoint.bind(JIoEndpoint.java:406)
	at org.apache.tomcat.util.net.AbstractEndpoint.init(AbstractEndpoint.java:610)
	at org.apache.coyote.AbstractProtocol.init(AbstractProtocol.java:429)
	at org.apache.catalina.connector.Connector.initInternal(Connector.java:981)
	at org.apache.catalina.util.LifecycleBase.init(LifecycleBase.java:102)
	at org.apache.catalina.core.StandardService.initInternal(StandardService.java:559)
	at org.apache.catalina.util.LifecycleBase.init(LifecycleBase.java:102)
	at org.apache.catalina.core.StandardServer.initInternal(StandardServer.java:814)
	at org.apache.catalina.util.LifecycleBase.init(LifecycleBase.java:102)
	at org.apache.catalina.startup.Catalina.load(Catalina.java:640)
	at org.apache.catalina.startup.Catalina.load(Catalina.java:665)
	at sun.reflect.NativeMethodAccessorImpl.invoke0(Native Method)
	at sun.reflect.NativeMethodAccessorImpl.invoke(NativeMethodAccessorImpl.java:57)
	at sun.reflect.DelegatingMethodAccessorImpl.invoke(DelegatingMethodAccessorImpl.java:43)
	at java.lang.reflect.Method.invoke(Method.java:606)
	at org.apache.catalina.startup.Bootstrap.load(Bootstrap.java:281)
	at org.apache.catalina.startup.Bootstrap.main(Bootstrap.java:455)
Caused by: java.net.BindException: Address already in use
	at java.net.PlainSocketImpl.socketBind(Native Method)
	at java.net.AbstractPlainSocketImpl.bind(AbstractPlainSocketImpl.java:376)
	at java.net.ServerSocket.bind(ServerSocket.java:376)
	at java.net.ServerSocket.<init>(ServerSocket.java:237)
	at java.net.ServerSocket.<init>(ServerSocket.java:181)
	at org.apache.tomcat.util.net.DefaultServerSocketFactory.createSocket(DefaultServerSocketFactory.java:49)
	at org.apache.tomcat.util.net.JIoEndpoint.bind(JIoEndpoint.java:393)
	... 16 more

Oct 26, 2013 1:12:02 PM org.apache.catalina.core.StandardService initInternal
SEVERE: Failed to initialize connector [Connector[AJP/1.3-8009]]
org.apache.catalina.LifecycleException: Failed to initialize component [Connector[AJP/1.3-8009]]
	at org.apache.catalina.util.LifecycleBase.init(LifecycleBase.java:106)
	at org.apache.catalina.core.StandardService.initInternal(StandardService.java:559)
	at org.apache.catalina.util.LifecycleBase.init(LifecycleBase.java:102)
	at org.apache.catalina.core.StandardServer.initInternal(StandardServer.java:814)
	at org.apache.catalina.util.LifecycleBase.init(LifecycleBase.java:102)
	at org.apache.catalina.startup.Catalina.load(Catalina.java:640)
	at org.apache.catalina.startup.Catalina.load(Catalina.java:665)
	at sun.reflect.NativeMethodAccessorImpl.invoke0(Native Method)
	at sun.reflect.NativeMethodAccessorImpl.invoke(NativeMethodAccessorImpl.java:57)
	at sun.reflect.DelegatingMethodAccessorImpl.invoke(DelegatingMethodAccessorImpl.java:43)
	at java.lang.reflect.Method.invoke(Method.java:606)
	at org.apache.catalina.startup.Bootstrap.load(Bootstrap.java:281)
	at org.apache.catalina.startup.Bootstrap.main(Bootstrap.java:455)
Caused by: org.apache.catalina.LifecycleException: Protocol handler initialization failed
	at org.apache.catalina.connector.Connector.initInternal(Connector.java:983)
	at org.apache.catalina.util.LifecycleBase.init(LifecycleBase.java:102)
	... 12 more
Caused by: java.net.BindException: Address already in use <null>:8009
	at org.apache.tomcat.util.net.JIoEndpoint.bind(JIoEndpoint.java:406)
	at org.apache.tomcat.util.net.AbstractEndpoint.init(AbstractEndpoint.java:610)
	at org.apache.coyote.AbstractProtocol.init(AbstractProtocol.java:429)
	at org.apache.catalina.connector.Connector.initInternal(Connector.java:981)
	... 13 more
Caused by: java.net.BindException: Address already in use
	at java.net.PlainSocketImpl.socketBind(Native Method)
	at java.net.AbstractPlainSocketImpl.bind(AbstractPlainSocketImpl.java:376)
	at java.net.ServerSocket.bind(ServerSocket.java:376)
	at java.net.ServerSocket.<init>(ServerSocket.java:237)
	at java.net.ServerSocket.<init>(ServerSocket.java:181)
	at org.apache.tomcat.util.net.DefaultServerSocketFactory.createSocket(DefaultServerSocketFactory.java:49)
	at org.apache.tomcat.util.net.JIoEndpoint.bind(JIoEndpoint.java:393)
	... 16 more

Oct 26, 2013 1:12:02 PM org.apache.catalina.startup.Catalina load
INFO: Initialization processed in 1054 ms
Oct 26, 2013 1:12:02 PM org.apache.catalina.core.StandardService startInternal
INFO: Starting service Catalina
Oct 26, 2013 1:12:02 PM org.apache.catalina.core.StandardEngine startInternal
INFO: Starting Servlet Engine: Apache Tomcat/7.0.42
Oct 26, 2013 1:12:02 PM org.apache.catalina.startup.HostConfig deployDirectory
INFO: Deploying web application directory /Users/andrew/Documents/apache-tomcat-7.0.42/webapps/docs
Oct 26, 2013 1:12:02 PM org.apache.catalina.startup.HostConfig deployDirectory
INFO: Deploying web application directory /Users/andrew/Documents/apache-tomcat-7.0.42/webapps/examples
Oct 26, 2013 1:12:02 PM org.apache.catalina.startup.HostConfig deployDirectory
INFO: Deploying web application directory /Users/andrew/Documents/apache-tomcat-7.0.42/webapps/host-manager
Oct 26, 2013 1:12:02 PM org.apache.catalina.startup.HostConfig deployDirectory
INFO: Deploying web application directory /Users/andrew/Documents/apache-tomcat-7.0.42/webapps/manager
Oct 26, 2013 1:12:02 PM org.apache.catalina.startup.HostConfig deployDirectory
INFO: Deploying web application directory /Users/andrew/Documents/apache-tomcat-7.0.42/webapps/projectapp
Oct 26, 2013 1:12:02 PM org.apache.catalina.startup.HostConfig deployDirectory
INFO: Deploying web application directory /Users/andrew/Documents/apache-tomcat-7.0.42/webapps/ROOT
Oct 26, 2013 1:12:02 PM org.apache.catalina.startup.HostConfig deployDirectory
INFO: Deploying web application directory /Users/andrew/Documents/apache-tomcat-7.0.42/webapps/test
Oct 26, 2013 1:12:02 PM org.apache.catalina.startup.Catalina start
INFO: Server startup in 912 ms
Oct 26, 2013 1:12:02 PM org.apache.catalina.core.StandardServer await
SEVERE: StandardServer.await: create[localhost:8005]: 
java.net.BindException: Address already in use
	at java.net.PlainSocketImpl.socketBind(Native Method)
	at java.net.AbstractPlainSocketImpl.bind(AbstractPlainSocketImpl.java:376)
	at java.net.ServerSocket.bind(ServerSocket.java:376)
	at java.net.ServerSocket.<init>(ServerSocket.java:237)
	at org.apache.catalina.core.StandardServer.await(StandardServer.java:427)
	at org.apache.catalina.startup.Catalina.await(Catalina.java:779)
	at org.apache.catalina.startup.Catalina.start(Catalina.java:725)
	at sun.reflect.NativeMethodAccessorImpl.invoke0(Native Method)
	at sun.reflect.NativeMethodAccessorImpl.invoke(NativeMethodAccessorImpl.java:57)
	at sun.reflect.DelegatingMethodAccessorImpl.invoke(DelegatingMethodAccessorImpl.java:43)
	at java.lang.reflect.Method.invoke(Method.java:606)
	at org.apache.catalina.startup.Bootstrap.start(Bootstrap.java:322)
	at org.apache.catalina.startup.Bootstrap.main(Bootstrap.java:456)

Oct 26, 2013 1:12:02 PM org.apache.coyote.AbstractProtocol pause
INFO: Pausing ProtocolHandler ["http-bio-8080"]
Oct 26, 2013 1:12:02 PM org.apache.coyote.AbstractProtocol pause
INFO: Pausing ProtocolHandler ["ajp-bio-8009"]
Oct 26, 2013 1:12:02 PM org.apache.catalina.core.StandardService stopInternal
INFO: Stopping service Catalina
Oct 26, 2013 1:12:02 PM org.apache.coyote.AbstractProtocol stop
INFO: Stopping ProtocolHandler ["http-bio-8080"]
Oct 26, 2013 1:12:02 PM org.apache.coyote.AbstractProtocol destroy
INFO: Destroying ProtocolHandler ["http-bio-8080"]
Oct 26, 2013 1:12:02 PM org.apache.coyote.AbstractProtocol stop
INFO: Stopping ProtocolHandler ["ajp-bio-8009"]
Oct 26, 2013 1:12:02 PM org.apache.coyote.AbstractProtocol destroy
INFO: Destroying ProtocolHandler ["ajp-bio-8009"]
Oct 27, 2013 12:07:12 PM org.apache.catalina.core.AprLifecycleListener init
INFO: The APR based Apache Tomcat Native library which allows optimal performance in production environments was not found on the java.library.path: /Users/andrew/Library/Java/Extensions:/Library/Java/Extensions:/Network/Library/Java/Extensions:/System/Library/Java/Extensions:/usr/lib/java:.
Oct 27, 2013 12:07:13 PM org.apache.coyote.AbstractProtocol init
INFO: Initializing ProtocolHandler ["http-bio-8080"]
Oct 27, 2013 12:07:13 PM org.apache.coyote.AbstractProtocol init
INFO: Initializing ProtocolHandler ["ajp-bio-8009"]
Oct 27, 2013 12:07:13 PM org.apache.catalina.startup.Catalina load
INFO: Initialization processed in 908 ms
Oct 27, 2013 12:07:13 PM org.apache.catalina.core.StandardService startInternal
INFO: Starting service Catalina
Oct 27, 2013 12:07:13 PM org.apache.catalina.core.StandardEngine startInternal
INFO: Starting Servlet Engine: Apache Tomcat/7.0.42
Oct 27, 2013 12:07:13 PM org.apache.catalina.startup.HostConfig deployDirectory
INFO: Deploying web application directory /Users/andrew/Documents/apache-tomcat-7.0.42/webapps/docs
Oct 27, 2013 12:07:13 PM org.apache.catalina.startup.HostConfig deployDirectory
INFO: Deploying web application directory /Users/andrew/Documents/apache-tomcat-7.0.42/webapps/examples
Oct 27, 2013 12:07:13 PM org.apache.catalina.startup.HostConfig deployDirectory
INFO: Deploying web application directory /Users/andrew/Documents/apache-tomcat-7.0.42/webapps/host-manager
Oct 27, 2013 12:07:13 PM org.apache.catalina.startup.HostConfig deployDirectory
INFO: Deploying web application directory /Users/andrew/Documents/apache-tomcat-7.0.42/webapps/manager
Oct 27, 2013 12:07:13 PM org.apache.catalina.startup.HostConfig deployDirectory
INFO: Deploying web application directory /Users/andrew/Documents/apache-tomcat-7.0.42/webapps/projectapp
Oct 27, 2013 12:07:14 PM org.apache.catalina.startup.HostConfig deployDirectory
INFO: Deploying web application directory /Users/andrew/Documents/apache-tomcat-7.0.42/webapps/ROOT
Oct 27, 2013 12:07:14 PM org.apache.catalina.startup.HostConfig deployDirectory
INFO: Deploying web application directory /Users/andrew/Documents/apache-tomcat-7.0.42/webapps/test
Oct 27, 2013 12:07:14 PM org.apache.coyote.AbstractProtocol start
INFO: Starting ProtocolHandler ["http-bio-8080"]
Oct 27, 2013 12:07:14 PM org.apache.coyote.AbstractProtocol start
INFO: Starting ProtocolHandler ["ajp-bio-8009"]
Oct 27, 2013 12:07:14 PM org.apache.catalina.startup.Catalina start
INFO: Server startup in 1014 ms
Oct 27, 2013 8:58:50 PM org.apache.catalina.core.StandardServer await
INFO: A valid shutdown command was received via the shutdown port. Stopping the Server instance.
Oct 27, 2013 8:58:50 PM org.apache.coyote.AbstractProtocol pause
INFO: Pausing ProtocolHandler ["http-bio-8080"]
Oct 27, 2013 8:58:50 PM org.apache.coyote.AbstractProtocol pause
INFO: Pausing ProtocolHandler ["ajp-bio-8009"]
Oct 27, 2013 8:58:50 PM org.apache.catalina.core.StandardService stopInternal
INFO: Stopping service Catalina
Oct 27, 2013 8:58:51 PM org.apache.coyote.AbstractProtocol stop
INFO: Stopping ProtocolHandler ["http-bio-8080"]
Oct 27, 2013 8:58:51 PM org.apache.coyote.AbstractProtocol stop
INFO: Stopping ProtocolHandler ["ajp-bio-8009"]
Oct 27, 2013 8:58:51 PM org.apache.coyote.AbstractProtocol destroy
INFO: Destroying ProtocolHandler ["http-bio-8080"]
Oct 27, 2013 8:58:51 PM org.apache.coyote.AbstractProtocol destroy
INFO: Destroying ProtocolHandler ["ajp-bio-8009"]
Oct 27, 2013 8:58:53 PM org.apache.catalina.core.AprLifecycleListener init
INFO: The APR based Apache Tomcat Native library which allows optimal performance in production environments was not found on the java.library.path: /Users/andrew/Library/Java/Extensions:/Library/Java/Extensions:/Network/Library/Java/Extensions:/System/Library/Java/Extensions:/usr/lib/java:.
Oct 27, 2013 8:58:53 PM org.apache.coyote.AbstractProtocol init
INFO: Initializing ProtocolHandler ["http-bio-8080"]
Oct 27, 2013 8:58:53 PM org.apache.coyote.AbstractProtocol init
INFO: Initializing ProtocolHandler ["ajp-bio-8009"]
Oct 27, 2013 8:58:53 PM org.apache.catalina.startup.Catalina load
INFO: Initialization processed in 1107 ms
Oct 27, 2013 8:58:53 PM org.apache.catalina.core.StandardService startInternal
INFO: Starting service Catalina
Oct 27, 2013 8:58:53 PM org.apache.catalina.core.StandardEngine startInternal
INFO: Starting Servlet Engine: Apache Tomcat/7.0.42
Oct 27, 2013 8:58:53 PM org.apache.catalina.startup.HostConfig deployDirectory
INFO: Deploying web application directory /Users/andrew/Documents/apache-tomcat-7.0.42/webapps/docs
Oct 27, 2013 8:58:54 PM org.apache.catalina.startup.HostConfig deployDirectory
INFO: Deploying web application directory /Users/andrew/Documents/apache-tomcat-7.0.42/webapps/examples
Oct 27, 2013 8:58:54 PM org.apache.catalina.startup.HostConfig deployDirectory
INFO: Deploying web application directory /Users/andrew/Documents/apache-tomcat-7.0.42/webapps/host-manager
Oct 27, 2013 8:58:54 PM org.apache.catalina.startup.HostConfig deployDirectory
INFO: Deploying web application directory /Users/andrew/Documents/apache-tomcat-7.0.42/webapps/manager
Oct 27, 2013 8:58:54 PM org.apache.catalina.startup.HostConfig deployDirectory
INFO: Deploying web application directory /Users/andrew/Documents/apache-tomcat-7.0.42/webapps/projectapp
Oct 27, 2013 8:58:54 PM org.apache.catalina.startup.HostConfig deployDirectory
INFO: Deploying web application directory /Users/andrew/Documents/apache-tomcat-7.0.42/webapps/ROOT
Oct 27, 2013 8:58:54 PM org.apache.catalina.startup.HostConfig deployDirectory
INFO: Deploying web application directory /Users/andrew/Documents/apache-tomcat-7.0.42/webapps/test
Oct 27, 2013 8:58:54 PM org.apache.coyote.AbstractProtocol start
INFO: Starting ProtocolHandler ["http-bio-8080"]
Oct 27, 2013 8:58:54 PM org.apache.coyote.AbstractProtocol start
INFO: Starting ProtocolHandler ["ajp-bio-8009"]
Oct 27, 2013 8:58:54 PM org.apache.catalina.startup.Catalina start
INFO: Server startup in 1102 ms
