Oct 25, 2013 9:59:05 AM org.apache.catalina.core.StandardServer await
INFO: A valid shutdown command was received via the shutdown port. Stopping the Server instance.
Oct 25, 2013 9:59:05 AM org.apache.coyote.AbstractProtocol pause
INFO: Pausing ProtocolHandler ["http-bio-8080"]
Oct 25, 2013 9:59:05 AM org.apache.coyote.AbstractProtocol pause
INFO: Pausing ProtocolHandler ["ajp-bio-8009"]
Oct 25, 2013 9:59:05 AM org.apache.catalina.core.StandardService stopInternal
INFO: Stopping service Catalina
Oct 25, 2013 9:59:05 AM org.apache.coyote.AbstractProtocol stop
INFO: Stopping ProtocolHandler ["http-bio-8080"]
Oct 25, 2013 9:59:05 AM org.apache.coyote.AbstractProtocol stop
INFO: Stopping ProtocolHandler ["ajp-bio-8009"]
Oct 25, 2013 9:59:05 AM org.apache.coyote.AbstractProtocol destroy
INFO: Destroying ProtocolHandler ["http-bio-8080"]
Oct 25, 2013 9:59:05 AM org.apache.coyote.AbstractProtocol destroy
INFO: Destroying ProtocolHandler ["ajp-bio-8009"]
Oct 25, 2013 9:59:13 AM org.apache.catalina.core.AprLifecycleListener init
INFO: The APR based Apache Tomcat Native library which allows optimal performance in production environments was not found on the java.library.path: /Users/andrewpierce/Library/Java/Extensions:/Library/Java/Extensions:/Network/Library/Java/Extensions:/System/Library/Java/Extensions:/usr/lib/java:.
Oct 25, 2013 9:59:13 AM org.apache.coyote.AbstractProtocol init
INFO: Initializing ProtocolHandler ["http-bio-8080"]
Oct 25, 2013 9:59:13 AM org.apache.coyote.AbstractProtocol init
INFO: Initializing ProtocolHandler ["ajp-bio-8009"]
Oct 25, 2013 9:59:13 AM org.apache.catalina.startup.Catalina load
INFO: Initialization processed in 981 ms
Oct 25, 2013 9:59:13 AM org.apache.catalina.core.StandardService startInternal
INFO: Starting service Catalina
Oct 25, 2013 9:59:13 AM org.apache.catalina.core.StandardEngine startInternal
INFO: Starting Servlet Engine: Apache Tomcat/7.0.42
Oct 25, 2013 9:59:13 AM org.apache.catalina.startup.HostConfig deployDirectory
INFO: Deploying web application directory /Users/andrewpierce/Onswipe/dev/apache-tomcat-7.0.42/webapps/docs
Oct 25, 2013 9:59:14 AM org.apache.catalina.startup.HostConfig deployDirectory
INFO: Deploying web application directory /Users/andrewpierce/Onswipe/dev/apache-tomcat-7.0.42/webapps/examples
Oct 25, 2013 9:59:14 AM org.apache.catalina.startup.HostConfig deployDirectory
INFO: Deploying web application directory /Users/andrewpierce/Onswipe/dev/apache-tomcat-7.0.42/webapps/host-manager
Oct 25, 2013 9:59:14 AM org.apache.catalina.startup.HostConfig deployDirectory
INFO: Deploying web application directory /Users/andrewpierce/Onswipe/dev/apache-tomcat-7.0.42/webapps/manager
Oct 25, 2013 9:59:14 AM org.apache.catalina.startup.HostConfig deployDirectory
INFO: Deploying web application directory /Users/andrewpierce/Onswipe/dev/apache-tomcat-7.0.42/webapps/projectapp
Oct 25, 2013 9:59:14 AM org.apache.catalina.startup.HostConfig deployDirectory
INFO: Deploying web application directory /Users/andrewpierce/Onswipe/dev/apache-tomcat-7.0.42/webapps/ROOT
Oct 25, 2013 9:59:14 AM org.apache.catalina.startup.HostConfig deployDirectory
INFO: Deploying web application directory /Users/andrewpierce/Onswipe/dev/apache-tomcat-7.0.42/webapps/test
Oct 25, 2013 9:59:14 AM org.apache.coyote.AbstractProtocol start
INFO: Starting ProtocolHandler ["http-bio-8080"]
Oct 25, 2013 9:59:14 AM org.apache.coyote.AbstractProtocol start
INFO: Starting ProtocolHandler ["ajp-bio-8009"]
Oct 25, 2013 9:59:14 AM org.apache.catalina.startup.Catalina start
INFO: Server startup in 993 ms
